#
# There is insufficient memory for the Java Runtime Environment to continue.
# Native memory allocation (malloc) failed to allocate 1048576 bytes for AllocateHeap
# Possible reasons:
#   The system is out of physical RAM or swap space
#   In 32 bit mode, the process size limit was hit
# Possible solutions:
#   Reduce memory load on the system
#   Increase physical memory or swap space
#   Check if swap backing store is full
#   Use 64 bit Java on a 64 bit OS
#   Decrease Java heap size (-Xmx/-Xms)
#   Decrease number of Java threads
#   Decrease Java thread stack sizes (-Xss)
#   Set larger code cache with -XX:ReservedCodeCacheSize=
# This output file may be truncated or incomplete.
#
#  Out of Memory Error (memory/allocation.inline.hpp:61), pid=11464, tid=0x00000000000011d0
#
# JRE version:  (8.0_76-b03) (build )
# Java VM: OpenJDK 64-Bit Server VM (25.76-b03 mixed mode windows-amd64 compressed oops)
# Failed to write core dump. Minidumps are not enabled by default on client versions of Windows
#

---------------  T H R E A D  ---------------

Current thread (0x0000000002260800):  JavaThread "Unknown thread" [_thread_in_vm, id=4560, stack(0x0000000001fa0000,0x00000000020a0000)]

Stack: [0x0000000001fa0000,0x00000000020a0000]
[error occurred during error reporting (printing stack bounds), id 0xc0000005]

Native frames: (J=compiled Java code, j=interpreted, Vv=VM code, C=native code)


---------------  P R O C E S S  ---------------

Java Threads: ( => current thread )

Other Threads:

=>0x0000000002260800 (exited) JavaThread "Unknown thread" [_thread_in_vm, id=4560, stack(0x0000000001fa0000,0x00000000020a0000)]

VM state:not at safepoint (normal execution)

VM Mutex/Monitor currently owned by a thread: None

Heap:
 PSYoungGen      total 38400K, used 665K [0x00000000eab00000, 0x00000000ed580000, 0x0000000100000000)
  eden space 33280K, 2% used [0x00000000eab00000,0x00000000eaba6670,0x00000000ecb80000)
  from space 5120K, 0% used [0x00000000ed080000,0x00000000ed080000,0x00000000ed580000)
  to   space 5120K, 0% used [0x00000000ecb80000,0x00000000ecb80000,0x00000000ed080000)
 ParOldGen       total 87552K, used 0K [0x00000000c0000000, 0x00000000c5580000, 0x00000000eab00000)
  object space 87552K, 0% used [0x00000000c0000000,0x00000000c0000000,0x00000000c5580000)
 Metaspace       used 771K, capacity 4480K, committed 4480K, reserved 1056768K
  class space    used 73K, capacity 384K, committed 384K, reserved 1048576K

Card table byte_map: [0x0000000011720000,0x0000000011930000] byte_map_base: 0x0000000011120000

Marking Bits: (ParMarkBitMap*) 0x00000000621d9d00
 Begin Bits: [0x0000000011e90000, 0x0000000012e90000)
 End Bits:   [0x0000000012e90000, 0x0000000013e90000)

Polling page: 0x0000000000570000

CodeCache: size=245760Kb used=328Kb max_used=328Kb free=245431Kb
 bounds [0x0000000002360000, 0x00000000025d0000, 0x0000000011360000]
 total_blobs=57 nmethods=0 adapters=38
 compilation: enabled

Compilation events (0 events):
No events

GC Heap History (0 events):
No events

Deoptimization events (0 events):
No events

Internal exceptions (0 events):
No events

Events (10 events):
Event: 0.025 loading class java/lang/Short
Event: 0.025 loading class java/lang/Short done
Event: 0.025 loading class java/lang/Integer
Event: 0.025 loading class java/lang/Integer done
Event: 0.025 loading class java/lang/Long
Event: 0.025 loading class java/lang/Long done
Event: 0.026 loading class java/lang/NullPointerException
Event: 0.026 loading class java/lang/NullPointerException done
Event: 0.026 loading class java/lang/ArithmeticException
Event: 0.026 loading class java/lang/ArithmeticException done


Dynamic libraries:
0x00007ff7c3b00000 - 0x00007ff7c3b31000 	E:\android\android studio\jre\bin\java.exe
0x00007ffc03bc0000 - 0x00007ffc03d81000 	C:\Windows\SYSTEM32\ntdll.dll
0x00007ffc02050000 - 0x00007ffc020fd000 	C:\Windows\system32\KERNEL32.DLL
0x00007ffc00b70000 - 0x00007ffc00d58000 	C:\Windows\system32\KERNELBASE.dll
0x00007ffc01fa0000 - 0x00007ffc02047000 	C:\Windows\system32\ADVAPI32.dll
0x00007ffc01390000 - 0x00007ffc0142d000 	C:\Windows\system32\msvcrt.dll
0x00007ffc01240000 - 0x00007ffc0129b000 	C:\Windows\system32\sechost.dll
0x00007ffc03870000 - 0x00007ffc0398c000 	C:\Windows\system32\RPCRT4.dll
0x00007ffc01e40000 - 0x00007ffc01f96000 	C:\Windows\system32\USER32.dll
0x00007ffc00fe0000 - 0x00007ffc01166000 	C:\Windows\system32\GDI32.dll
0x00007ffbfd060000 - 0x00007ffbfd2d4000 	C:\Windows\WinSxS\amd64_microsoft.windows.common-controls_6595b64144ccf1df_6.0.10586.589_none_a2ddb3caa539acce\COMCTL32.dll
0x00007ffc01430000 - 0x00007ffc016ad000 	C:\Windows\system32\combase.dll
0x00007ffc00e70000 - 0x00007ffc00eda000 	C:\Windows\system32\bcryptPrimitives.dll
0x00007ffc012a0000 - 0x00007ffc012db000 	C:\Windows\system32\IMM32.DLL
0x00007ffc000d0000 - 0x00007ffc00101000 	C:\Windows\system32\nvinitx.dll
0x00007ffc000c0000 - 0x00007ffc000ca000 	C:\Windows\SYSTEM32\VERSION.dll
0x0000000061860000 - 0x0000000061932000 	E:\android\android studio\jre\jre\bin\msvcr100.dll
0x0000000061a20000 - 0x0000000062254000 	E:\android\android studio\jre\jre\bin\server\jvm.dll
0x00007ffc00fd0000 - 0x00007ffc00fd8000 	C:\Windows\system32\PSAPI.DLL
0x00007ffbeb9c0000 - 0x00007ffbeb9c9000 	C:\Windows\SYSTEM32\WSOCK32.dll
0x00007ffc03ae0000 - 0x00007ffc03b4b000 	C:\Windows\system32\WS2_32.dll
0x00007ffbfe910000 - 0x00007ffbfe933000 	C:\Windows\SYSTEM32\WINMM.dll
0x00007ffbfe830000 - 0x00007ffbfe85c000 	C:\Windows\SYSTEM32\WINMMBASE.dll
0x00007ffc008c0000 - 0x00007ffc00903000 	C:\Windows\system32\cfgmgr32.dll
0x00007ffbf4ec0000 - 0x00007ffbf4ecf000 	E:\android\android studio\jre\jre\bin\verify.dll
0x00007ffbf3cc0000 - 0x00007ffbf3ce9000 	E:\android\android studio\jre\jre\bin\java.dll
0x00007ffbf02f0000 - 0x00007ffbf0306000 	E:\android\android studio\jre\jre\bin\zip.dll

VM Arguments:
jvm_args: -Djava.awt.headless=true -Xmx1024M -Dfile.encoding=windows-1252 -Duser.country=IN -Duser.language=en -Duser.variant 
java_command: com.android.dx.command.Main --dex --force-jumbo --num-threads=4 --multi-dex --output D:\ADUU\AndroidStudioProjects\Quotes\app\build\intermediates\transforms\dex\debug\folders\1000\10\com.google.firebase-firebase-iid-9.4.0_74e1c67879cc470b5c5d39d5141af6a0f73f7fa3 D:\ADUU\AndroidStudioProjects\Quotes\app\build\intermediates\exploded-aar\com.google.firebase\firebase-iid\9.4.0\jars\classes.jar
java_class_path (initial): E:\android\sdk\build-tools\23.0.1\lib\dx.jar
Launcher Type: SUN_STANDARD

Environment Variables:
PATH=C:\Program Files (x86)\NVIDIA Corporation\PhysX\Common;C:\Program Files (x86)\Intel\iCLS Client\;C:\Program Files\Intel\iCLS Client\;C:\Windows\system32;C:\Windows;C:\Windows\System32\Wbem;C:\Windows\System32\WindowsPowerShell\v1.0\;C:\Program Files\Intel\Intel(R) Management Engine Components\DAL;C:\Program Files\Intel\Intel(R) Management Engine Components\IPT;C:\Program Files (x86)\Intel\Intel(R) Management Engine Components\DAL;C:\Program Files (x86)\Intel\Intel(R) Management Engine Components\IPT
USERNAME=saiso
OS=Windows_NT
PROCESSOR_IDENTIFIER=Intel64 Family 6 Model 69 Stepping 1, GenuineIntel



---------------  S Y S T E M  ---------------

OS: Windows 10.0 , 64 bit Build 10586 (10.0.10586.589)

CPU:total 4 (2 cores per cpu, 2 threads per core) family 6 model 69 stepping 1, cmov, cx8, fxsr, mmx, sse, sse2, sse3, ssse3, sse4.1, sse4.2, popcnt, avx, avx2, aes, clmul, erms, lzcnt, ht, tsc, tscinvbit, bmi1, bmi2

Memory: 4k page, physical 8278296k(1159692k free), swap 23573340k(5500k free)

vm_info: OpenJDK 64-Bit Server VM (25.76-b03) for windows-amd64 JRE (1.8.0_76-release-b03), built on Jun 29 2016 19:09:20 by "ralucas" with MS VC++ 10.0 (VS2010)

time: Sat Nov 19 10:28:58 2016
elapsed time: 0 seconds (0d 0h 0m 0s)

